<?xml version="1.0" encoding="UTF-8"?>
<!-- Generated by org.testng.reporters.JUnitXMLReporter -->
<testsuite ignored="17" hostname="Khushbu-PC" failures="0" tests="1" name="Default test" time="26.145" errors="0" timestamp="2022-10-19T22:16:50 EDT">
  <testcase classname="TestScenarios.TestScenarios" name="FileUpload" time="17.438"/>
  <testcase classname="TestScenarios.TestScenarios" name="DynamicLoading" time="0.0">
    <ignored/>
  </testcase> <!-- DynamicLoading -->
  <testcase classname="TestScenarios.TestScenarios" name="CheckBoxes" time="0.0">
    <ignored/>
  </testcase> <!-- CheckBoxes -->
  <testcase classname="TestScenarios.TestScenarios" name="DynamicContent" time="0.0">
    <ignored/>
  </testcase> <!-- DynamicContent -->
  <testcase classname="TestScenarios.TestScenarios" name="NotificationMessage" time="0.0">
    <ignored/>
  </testcase> <!-- NotificationMessage -->
  <testcase classname="TestScenarios.TestScenarios" name="FloatingMenu" time="0.0">
    <ignored/>
  </testcase> <!-- FloatingMenu -->
  <testcase classname="TestScenarios.TestScenarios" name="FileDownload" time="0.0">
    <ignored/>
  </testcase> <!-- FileDownload -->
  <testcase classname="TestScenarios.TestScenarios" name="DropDown" time="0.0">
    <ignored/>
  </testcase> <!-- DropDown -->
  <testcase classname="TestScenarios.TestScenarios" name="DynamicControls" time="0.0">
    <ignored/>
  </testcase> <!-- DynamicControls -->
  <testcase classname="TestScenarios.TestScenarios" name="DragandDrop" time="0.0">
    <ignored/>
  </testcase> <!-- DragandDrop -->
  <testcase classname="TestScenarios.TestScenarios" name="LoginSuccess" time="0.0">
    <ignored/>
  </testcase> <!-- LoginSuccess -->
  <testcase classname="TestScenarios.TestScenarios" name="javaScriptError" time="0.0">
    <ignored/>
  </testcase> <!-- javaScriptError -->
  <testcase classname="TestScenarios.TestScenarios" name="IFrames" time="0.0">
    <ignored/>
  </testcase> <!-- IFrames -->
  <testcase classname="TestScenarios.TestScenarios" name="MouseHover" time="0.0">
    <ignored/>
  </testcase> <!-- MouseHover -->
  <testcase classname="TestScenarios.TestScenarios" name="NewWindow" time="0.0">
    <ignored/>
  </testcase> <!-- NewWindow -->
  <testcase classname="TestScenarios.TestScenarios" name="ContextMenu" time="0.0">
    <ignored/>
  </testcase> <!-- ContextMenu -->
  <testcase classname="TestScenarios.TestScenarios" name="LoginFailure" time="0.0">
    <ignored/>
  </testcase> <!-- LoginFailure -->
  <testcase classname="TestScenarios.TestScenarios" name="javaScriptAlert" time="0.0">
    <ignored/>
  </testcase> <!-- javaScriptAlert -->
</testsuite> <!-- Default test -->
