<?xml version="1.0" encoding="UTF-8"?>
<testng-results ignored="17" total="18" passed="1" failed="0" skipped="0">
  <reporter-output>
  </reporter-output>
  <suite started-at="2022-10-19T22:16:23 EDT" name="Default suite" finished-at="2022-10-19T22:16:50 EDT" duration-ms="26145">
    <groups>
    </groups>
    <test started-at="2022-10-19T22:16:23 EDT" name="Default test" finished-at="2022-10-19T22:16:50 EDT" duration-ms="26145">
      <class name="TestScenarios.TestScenarios">
        <test-method is-config="true" signature="setup()[pri:0, instance:TestScenarios.TestScenarios@145f66e3]" started-at="2022-10-19T22:16:23 EDT" name="setup" finished-at="2022-10-19T22:16:31 EDT" duration-ms="7875" status="PASS">
          <reporter-output>
          </reporter-output>
        </test-method> <!-- setup -->
        <test-method signature="FileUpload()[pri:0, instance:TestScenarios.TestScenarios@145f66e3]" started-at="2022-10-19T22:16:31 EDT" name="FileUpload" finished-at="2022-10-19T22:16:49 EDT" duration-ms="17438" status="PASS">
          <reporter-output>
          </reporter-output>
        </test-method> <!-- FileUpload -->
        <test-method is-config="true" signature="teardown()[pri:0, instance:TestScenarios.TestScenarios@145f66e3]" started-at="2022-10-19T22:16:49 EDT" name="teardown" finished-at="2022-10-19T22:16:50 EDT" duration-ms="734" status="PASS">
          <reporter-output>
          </reporter-output>
        </test-method> <!-- teardown -->
      </class> <!-- TestScenarios.TestScenarios -->
    </test> <!-- Default test -->
  </suite> <!-- Default suite -->
</testng-results>
